<?xml version="1.0" encoding="UTF-8"?>
<!-- Generated by org.testng.reporters.JUnitReportReporter -->
<testsuite skipped="0" hostname="brahma-PC" name="ExtentReportsBasics.OptimisedTC2" tests="1" failures="0" timestamp="2022-01-12T01:03:46 IST" time="0.004" errors="0">
  <testcase name="testB" time="0.004" classname="ExtentReportsBasics.OptimisedTC2"/>
  <system-out/>
</testsuite> <!-- ExtentReportsBasics.OptimisedTC2 -->
