<?xml version="1.0" encoding="UTF-8"?>
<!-- Generated by org.testng.reporters.JUnitReportReporter -->
<testsuite hostname="brahma-PC" failures="0" tests="1" name="AllTestCases.LoginTC01" time="36.143" errors="0" timestamp="2022-01-27T03:44:42 IST" skipped="0">
  <testcase classname="AllTestCases.LoginTC01" name="loginTC01" time="36.143"/>
  <system-out/>
</testsuite> <!-- AllTestCases.LoginTC01 -->
