<?xml version="1.0" encoding="UTF-8"?>
<!-- Generated by org.testng.reporters.JUnitReportReporter -->
<testsuite skipped="0" hostname="brahma-PC" name="ExtentReportsBasics.OptimisedTC1" tests="1" failures="0" timestamp="2022-01-12T01:03:46 IST" time="0.012" errors="0">
  <testcase name="testA" time="0.012" classname="ExtentReportsBasics.OptimisedTC1"/>
  <system-out/>
</testsuite> <!-- ExtentReportsBasics.OptimisedTC1 -->
