<?xml version="1.0" encoding="UTF-8"?>
<!-- Generated by org.testng.reporters.JUnitReportReporter -->
<testsuite skipped="0" hostname="brahma-PC" name="ExtentReportsBasics.TC1" tests="1" failures="0" timestamp="2021-12-30T12:59:58 IST" time="0.750" errors="0">
  <testcase name="testA" time="0.750" classname="ExtentReportsBasics.TC1"/>
</testsuite> <!-- ExtentReportsBasics.TC1 -->
