<?xml version="1.0" encoding="UTF-8"?>
<!-- Generated by org.testng.reporters.JUnitReportReporter -->
<testsuite skipped="0" hostname="brahma-PC" name="Log4jBasics.Log4jTC1" tests="1" failures="0" timestamp="2022-01-03T17:14:35 IST" time="0.141" errors="0">
  <testcase name="testA" time="0.141" classname="Log4jBasics.Log4jTC1"/>
</testsuite> <!-- Log4jBasics.Log4jTC1 -->
