<?xml version="1.0" encoding="UTF-8"?>
<!-- Generated by org.testng.reporters.JUnitReportReporter -->
<testsuite skipped="0" hostname="brahma-PC" name="ExtentReportsBasics.TC2" tests="1" failures="0" timestamp="2022-01-03T15:45:39 IST" time="0.011" errors="0">
  <testcase name="testA" time="0.011" classname="ExtentReportsBasics.TC2"/>
</testsuite> <!-- ExtentReportsBasics.TC2 -->
