<?xml version="1.0" encoding="UTF-8"?>
<!-- Generated by org.testng.reporters.JUnitReportReporter -->
<testsuite skipped="0" hostname="brahma-PC" name="Log4jBasics.Log4jTC2" tests="1" failures="0" timestamp="2022-01-03T17:14:35 IST" time="0.007" errors="0">
  <testcase name="testB" time="0.007" classname="Log4jBasics.Log4jTC2"/>
</testsuite> <!-- Log4jBasics.Log4jTC2 -->
