<?xml version="1.0" encoding="UTF-8"?>
<!-- Generated by org.testng.reporters.JUnitReportReporter -->
<testsuite skipped="0" hostname="brahma-PC" name="Log4jBasics.OptimsedLog4jTC1" tests="1" failures="0" timestamp="2022-01-03T17:17:15 IST" time="0.026" errors="0">
  <testcase name="testA" time="0.026" classname="Log4jBasics.OptimsedLog4jTC1"/>
</testsuite> <!-- Log4jBasics.OptimsedLog4jTC1 -->
